2025-08-15 12:04:19 | INFO | Database initialized successfully
2025-08-15 12:04:19 | INFO | Analyzing certificates from: https://wontry.en.made-in-china.com/company-Wenzhou-Won-Try-Electric-Appliance-Co-Ltd-.html
2025-08-15 12:04:19 | INFO | Extracting certificate PDFs from: https://wontry.en.made-in-china.com/company-Wenzhou-Won-Try-Electric-Appliance-Co-Ltd-.html
2025-08-15 12:04:20 | INFO | Downloading and analyzing certificate: Unknown Certificate
2025-08-15 12:04:21 | INFO | Downloading and analyzing certificate: CE certificate
2025-08-15 12:04:22 | INFO | Downloading and analyzing certificate: Unknown Certificate
2025-08-15 12:04:23 | INFO | Downloading and analyzing certificate: CE certificate
2025-08-15 12:04:23 | INFO | Downloading and analyzing certificate: Supplier Audit Report
2025-08-15 12:04:25 | ERROR | Error downloading certificate Supplier Audit Report: 404 Client Error:  for url: https://www.made-in-china.com//www.made-in-china.com/audited-suppliers/for-buyers/
2025-08-15 12:04:25 | INFO | Downloading and analyzing certificate: SGS
2025-08-15 12:04:25 | ERROR | Error downloading certificate SGS: 404 Client Error:  for url: https://www.made-in-china.com//www.made-in-china.com/audited-suppliers/for-buyers/
2025-08-15 12:04:25 | INFO | Downloading and analyzing certificate: Verify Now
2025-08-15 12:04:26 | INFO | Downloading and analyzing certificate: 加入认证供应商
2025-08-15 12:04:26 | ERROR | Error downloading certificate 加入认证供应商: 404 Client Error:  for url: https://www.made-in-china.com//www.made-in-china.com/audited-suppliers/for-suppliers/
2025-08-15 12:04:26 | INFO | Downloading and analyzing certificate: CB Certificate Certificate
2025-08-15 12:04:27 | ERROR | Error downloading certificate CB Certificate Certificate: 404 Client Error:  for url: https://www.made-in-china.com//image.made-in-china.com/211f0j00FMvTDGSmffoc/CB-Certificate.webp
2025-08-15 12:04:27 | INFO | Downloading and analyzing certificate: duct Certificate
2025-08-15 12:04:27 | ERROR | Error downloading certificate duct Certificate: 404 Client Error:  for url: https://www.made-in-china.com//membercenter.made-in-china.com/product.do?xcase=list
2025-08-15 12:04:27 | INFO | Downloading and analyzing certificate: lier Certificate
2025-08-15 12:04:28 | WARNING | pytesseract not installed, cannot analyze image
2025-08-15 12:04:28 | INFO | Downloading and analyzing certificate: SGS Certificate
2025-08-15 12:04:28 | ERROR | Error downloading certificate SGS Certificate: 404 Client Error:  for url: https://www.made-in-china.com//www.made-in-china.com/audited-suppliers/for-buyers/
2025-08-15 12:04:28 | INFO | Downloading and analyzing certificate: HINA Certificate
2025-08-15 12:04:28 | ERROR | Error downloading certificate HINA Certificate: 404 Client Error:  for url: https://www.made-in-china.com//image.made-in-china.com/211f0j00hvYEWtVrmzkU/MADE-in-CHINA-AUDITED-SUPPLIER.webp
2025-08-15 12:04:28 | INFO | Downloading and analyzing certificate: duct Certificate
2025-08-15 12:04:28 | ERROR | Error downloading certificate duct Certificate: 404 Client Error:  for url: https://www.made-in-china.com//membercenter.made-in-china.com/product.do?xcase=list
2025-08-15 12:04:28 | INFO | Downloading and analyzing certificate: duct Certificate
2025-08-15 12:04:29 | ERROR | Error downloading certificate duct Certificate: 404 Client Error:  for url: https://www.made-in-china.com//membercenter.made-in-china.com/product.do?xcase=list
2025-08-15 12:05:46 | INFO | Selenium WebDriver initialized successfully
2025-08-15 12:05:46 | INFO | Database initialized successfully
2025-08-15 12:05:46 | INFO | Analyzing certificates from: https://wontry.en.made-in-china.com/company-Wenzhou-Won-Try-Electric-Appliance-Co-Ltd-.html
2025-08-15 12:05:46 | INFO | Extracting certificate PDFs from: https://wontry.en.made-in-china.com/company-Wenzhou-Won-Try-Electric-Appliance-Co-Ltd-.html
2025-08-15 12:10:44 | INFO | Downloading and analyzing certificate: Unknown Certificate
2025-08-15 12:10:45 | INFO | Downloading and analyzing certificate: Unknown Certificate
2025-08-15 12:10:46 | INFO | Downloading and analyzing certificate: Unknown Certificate
2025-08-15 12:10:47 | INFO | Downloading and analyzing certificate: Unknown Certificate
2025-08-15 12:10:47 | INFO | Downloading and analyzing certificate: Unknown Certificate
2025-08-15 12:10:48 | INFO | Downloading and analyzing certificate: SGS
2025-08-15 12:10:49 | INFO | Downloading and analyzing certificate: Verify Now
2025-08-15 12:10:50 | INFO | Downloading and analyzing certificate: Unknown Certificate
2025-08-15 12:10:50 | INFO | Downloading and analyzing certificate: duct Certificate
2025-08-15 12:10:52 | INFO | Downloading and analyzing certificate: lier Certificate
2025-08-15 12:10:53 | WARNING | pytesseract not installed, cannot analyze image
2025-08-15 12:10:53 | INFO | Downloading and analyzing certificate: SGS Certificate
2025-08-15 12:10:53 | INFO | Downloading and analyzing certificate: HINA Certificate
2025-08-15 12:10:54 | WARNING | pytesseract not installed, cannot analyze image
2025-08-15 12:10:54 | INFO | Downloading and analyzing certificate: HINA Certificate
2025-08-15 12:10:54 | WARNING | pytesseract not installed, cannot analyze image
2025-08-15 12:10:54 | INFO | Downloading and analyzing certificate: HINA Certificate
2025-08-15 12:10:54 | WARNING | pytesseract not installed, cannot analyze image
2025-08-15 12:10:54 | INFO | Downloading and analyzing certificate: HINA Certificate
2025-08-15 12:10:54 | WARNING | pytesseract not installed, cannot analyze image
2025-08-15 12:10:54 | INFO | Downloading and analyzing certificate: duct Certificate
2025-08-15 12:10:54 | INFO | Downloading and analyzing certificate: duct Certificate
2025-08-15 12:14:02 | INFO | Database initialized successfully
2025-08-15 12:14:02 | INFO | Starting search for keyword: hair dryer
2025-08-15 12:14:02 | INFO | Searching for keyword: hair dryer
2025-08-15 12:14:04 | INFO | Found 30 products with selector: .products-item
2025-08-15 12:15:59 | INFO | Page 1: Found 30 listings
2025-08-15 12:16:01 | INFO | Found 30 listings for 'hair dryer'
2025-08-15 12:16:01 | ERROR | Error saving product listing to database: 'ProductListing' object has no attribute 'units_available'
2025-08-15 12:16:01 | ERROR | Error saving product listing to database: 'ProductListing' object has no attribute 'units_available'
2025-08-15 12:16:01 | ERROR | Error saving product listing to database: 'ProductListing' object has no attribute 'units_available'
2025-08-15 12:16:01 | ERROR | Error saving product listing to database: 'ProductListing' object has no attribute 'units_available'
2025-08-15 12:16:01 | ERROR | Error saving product listing to database: 'ProductListing' object has no attribute 'units_available'
2025-08-15 12:16:01 | ERROR | Error saving product listing to database: 'ProductListing' object has no attribute 'units_available'
2025-08-15 12:16:01 | ERROR | Error saving product listing to database: 'ProductListing' object has no attribute 'units_available'
2025-08-15 12:16:01 | ERROR | Error saving product listing to database: 'ProductListing' object has no attribute 'units_available'
2025-08-15 12:16:01 | ERROR | Error saving product listing to database: 'ProductListing' object has no attribute 'units_available'
2025-08-15 12:16:01 | ERROR | Error saving product listing to database: 'ProductListing' object has no attribute 'units_available'
2025-08-15 12:16:01 | ERROR | Error saving product listing to database: 'ProductListing' object has no attribute 'units_available'
2025-08-15 12:16:01 | ERROR | Error saving product listing to database: 'ProductListing' object has no attribute 'units_available'
2025-08-15 12:16:01 | ERROR | Error saving product listing to database: 'ProductListing' object has no attribute 'units_available'
2025-08-15 12:16:01 | ERROR | Error saving product listing to database: 'ProductListing' object has no attribute 'units_available'
2025-08-15 12:16:01 | ERROR | Error saving product listing to database: 'ProductListing' object has no attribute 'units_available'
2025-08-15 12:16:01 | ERROR | Error saving product listing to database: 'ProductListing' object has no attribute 'units_available'
2025-08-15 12:16:01 | ERROR | Error saving product listing to database: 'ProductListing' object has no attribute 'units_available'
2025-08-15 12:16:01 | ERROR | Error saving product listing to database: 'ProductListing' object has no attribute 'units_available'
2025-08-15 12:16:01 | ERROR | Error saving product listing to database: 'ProductListing' object has no attribute 'units_available'
2025-08-15 12:16:01 | INFO | Saved JSON file: data\search_hair dryer_20250815_121601.json
2025-08-15 12:16:01 | INFO | Saved CSV file: data\search_hair dryer_20250815_121601.csv
2025-08-15 12:16:01 | INFO | Saved search results for keyword: hair dryer
2025-08-15 12:18:43 | INFO | Database initialized successfully
2025-08-15 12:18:43 | INFO | Analyzing certificates from: https://bidisco.en.made-in-china.com
2025-08-15 12:18:43 | INFO | Extracting certificate PDFs from: https://bidisco.en.made-in-china.com
2025-08-15 12:18:44 | INFO | Downloading and analyzing certificate: OEM/ODM
2025-08-15 12:18:45 | WARNING | pytesseract not installed, cannot analyze image
2025-08-15 12:18:45 | INFO | Downloading and analyzing certificate: Factory Tour
2025-08-15 12:18:45 | WARNING | pytesseract not installed, cannot analyze image
2025-08-15 12:18:45 | INFO | Downloading and analyzing certificate: Sample Order
2025-08-15 12:18:45 | WARNING | pytesseract not installed, cannot analyze image
2025-08-15 12:18:45 | INFO | Downloading and analyzing certificate: Supplier Audit Report
2025-08-15 12:18:46 | ERROR | Error downloading certificate Supplier Audit Report: 404 Client Error:  for url: https://www.made-in-china.com//www.made-in-china.com/audited-suppliers/for-buyers/
2025-08-15 12:18:46 | INFO | Downloading and analyzing certificate: ther Certificate
2025-08-15 12:18:46 | INFO | Downloading and analyzing certificate: lier Certificate
2025-08-15 12:18:47 | WARNING | pytesseract not installed, cannot analyze image
2025-08-15 12:18:47 | INFO | Downloading and analyzing certificate: High Certificate
2025-08-15 12:18:47 | WARNING | pytesseract not installed, cannot analyze image
2025-08-15 12:18:47 | INFO | Downloading and analyzing certificate: High Certificate
2025-08-15 12:18:47 | WARNING | pytesseract not installed, cannot analyze image
2025-08-15 12:19:07 | INFO | Database initialized successfully
2025-08-15 12:19:07 | INFO | Analyzing certificates from: https://cy-electronic.en.made-in-china.com
2025-08-15 12:19:07 | INFO | Extracting certificate PDFs from: https://cy-electronic.en.made-in-china.com
2025-08-15 12:19:09 | INFO | Downloading and analyzing certificate: OEM/ODM
2025-08-15 12:19:09 | WARNING | pytesseract not installed, cannot analyze image
2025-08-15 12:19:09 | INFO | Downloading and analyzing certificate: Factory Tour
2025-08-15 12:19:09 | WARNING | pytesseract not installed, cannot analyze image
2025-08-15 12:19:09 | INFO | Downloading and analyzing certificate: Sample Order
2025-08-15 12:19:10 | WARNING | pytesseract not installed, cannot analyze image
2025-08-15 12:19:10 | INFO | Downloading and analyzing certificate: Supplier Audit Report
2025-08-15 12:19:10 | ERROR | Error downloading certificate Supplier Audit Report: 404 Client Error:  for url: https://www.made-in-china.com//www.made-in-china.com/audited-suppliers/for-buyers/
2025-08-15 12:19:10 | INFO | Downloading and analyzing certificate: ding Certificate
2025-08-15 12:19:10 | WARNING | pytesseract not installed, cannot analyze image
2025-08-15 12:19:10 | INFO | Downloading and analyzing certificate: lier Certificate
2025-08-15 12:19:11 | WARNING | pytesseract not installed, cannot analyze image
2025-08-15 12:19:11 | INFO | Downloading and analyzing certificate: High Certificate
2025-08-15 12:19:11 | WARNING | pytesseract not installed, cannot analyze image
2025-08-15 12:19:11 | INFO | Downloading and analyzing certificate: High Certificate
2025-08-15 12:19:11 | WARNING | pytesseract not installed, cannot analyze image
2025-08-15 12:19:42 | INFO | Database initialized successfully
2025-08-15 12:19:42 | INFO | Starting search for keyword: electronics
2025-08-15 12:19:42 | INFO | Searching for keyword: electronics
2025-08-15 12:19:44 | INFO | Found 30 products with selector: .products-item
2025-08-15 12:22:52 | INFO | Page 1: Found 30 listings
2025-08-15 12:22:54 | INFO | Found 30 listings for 'electronics'
2025-08-15 12:22:54 | INFO | Saved JSON file: data\search_electronics_20250815_122254.json
2025-08-15 12:22:54 | INFO | Saved CSV file: data\search_electronics_20250815_122254.csv
2025-08-15 12:22:54 | INFO | Saved search results for keyword: electronics
2025-08-15 12:35:57 | INFO | Database initialized successfully
2025-08-15 12:35:57 | INFO | Analyzing certificates from: https://leading.en.made-in-china.com
2025-08-15 12:35:57 | INFO | Extracting certificate PDFs from: https://leading.en.made-in-china.com
2025-08-15 12:35:58 | INFO | Downloading and analyzing certificate: Supplier Audit Report
2025-08-15 12:35:59 | ERROR | Error downloading certificate Supplier Audit Report: 404 Client Error:  for url: https://www.made-in-china.com//www.made-in-china.com/audited-suppliers/for-buyers/
2025-08-15 12:35:59 | INFO | Downloading and analyzing certificate: lier Certificate
2025-08-15 12:35:59 | ERROR | Error downloading certificate lier Certificate: 404 Client Error:  for url: https://www.made-in-china.com//www.made-in-china.com/suppliers-discovery/
2025-08-15 12:50:58 | INFO | Database initialized successfully
2025-08-15 12:50:58 | INFO | Starting search for keyword: phone
2025-08-15 12:50:58 | INFO | Searching for keyword: phone
2025-08-15 12:51:00 | INFO | Found 30 products with selector: .products-item
2025-08-15 12:53:30 | INFO | Page 1: Found 30 listings
2025-08-15 12:53:32 | INFO | Found 30 listings for 'phone'
2025-08-15 12:53:32 | ERROR | Error saving product listing to database: 'ProductListing' object has no attribute 'units_available'
2025-08-15 12:53:32 | ERROR | Error saving product listing to database: 'ProductListing' object has no attribute 'units_available'
2025-08-15 12:53:32 | ERROR | Error saving product listing to database: 'ProductListing' object has no attribute 'units_available'
2025-08-15 12:53:32 | ERROR | Error saving product listing to database: 'ProductListing' object has no attribute 'units_available'
2025-08-15 12:53:32 | ERROR | Error saving product listing to database: 'ProductListing' object has no attribute 'units_available'
2025-08-15 12:53:32 | ERROR | Error saving product listing to database: 'ProductListing' object has no attribute 'units_available'
2025-08-15 12:53:32 | ERROR | Error saving product listing to database: 'ProductListing' object has no attribute 'units_available'
2025-08-15 12:53:32 | ERROR | Error saving product listing to database: 'ProductListing' object has no attribute 'units_available'
2025-08-15 12:53:32 | ERROR | Error saving product listing to database: 'ProductListing' object has no attribute 'units_available'
2025-08-15 12:53:32 | ERROR | Error saving product listing to database: 'ProductListing' object has no attribute 'units_available'
2025-08-15 12:53:32 | ERROR | Error saving product listing to database: 'ProductListing' object has no attribute 'units_available'
2025-08-15 12:53:32 | ERROR | Error saving product listing to database: 'ProductListing' object has no attribute 'units_available'
2025-08-15 12:53:32 | INFO | Saved JSON file: data\search_phone_20250815_125332.json
2025-08-15 12:53:32 | INFO | Saved CSV file: data\search_phone_20250815_125332.csv
2025-08-15 12:53:32 | INFO | Saved search results for keyword: phone
2025-08-15 12:53:51 | INFO | Database initialized successfully
2025-08-15 12:53:51 | INFO | Analyzing certificates from: https://ananda.en.made-in-china.com
2025-08-15 12:53:51 | INFO | Extracting certificate PDFs from: https://ananda.en.made-in-china.com
2025-08-15 12:53:52 | INFO | Downloading and analyzing certificate: Supplier Audit Report
2025-08-15 12:53:53 | ERROR | Error downloading certificate Supplier Audit Report: 404 Client Error:  for url: https://www.made-in-china.com//www.made-in-china.com/audited-suppliers/for-buyers/
2025-08-15 12:53:53 | INFO | Downloading and analyzing certificate: lier Certificate
2025-08-15 12:53:53 | ERROR | Error downloading certificate lier Certificate: 404 Client Error:  for url: https://www.made-in-china.com//www.made-in-china.com/suppliers-discovery/
2025-08-15 12:54:09 | INFO | Database initialized successfully
2025-08-15 12:54:09 | INFO | Analyzing certificates from: https://chuangxinding.en.made-in-china.com
2025-08-15 12:54:09 | INFO | Extracting certificate PDFs from: https://chuangxinding.en.made-in-china.com
2025-08-15 12:54:10 | INFO | Downloading and analyzing certificate: Supplier Audit Report
2025-08-15 12:54:11 | ERROR | Error downloading certificate Supplier Audit Report: 404 Client Error:  for url: https://www.made-in-china.com//www.made-in-china.com/audited-suppliers/for-buyers/
2025-08-15 12:54:11 | INFO | Downloading and analyzing certificate: lier Certificate
2025-08-15 12:54:12 | ERROR | Error downloading certificate lier Certificate: 404 Client Error:  for url: https://www.made-in-china.com//www.made-in-china.com/suppliers-discovery/
2025-08-15 12:54:19 | INFO | Database initialized successfully
2025-08-15 12:54:19 | INFO | Starting search for keyword: certified
2025-08-15 12:54:19 | INFO | Searching for keyword: certified
2025-08-15 12:54:22 | INFO | Found 30 products with selector: .products-item
2025-08-15 12:57:44 | INFO | Page 1: Found 30 listings
2025-08-15 12:57:46 | INFO | Found 30 listings for 'certified'
2025-08-15 12:57:46 | INFO | Saved JSON file: data\search_certified_20250815_125746.json
2025-08-15 12:57:46 | INFO | Saved CSV file: data\search_certified_20250815_125746.csv
2025-08-15 12:57:46 | INFO | Saved search results for keyword: certified
2025-08-15 13:27:03 | INFO | Database initialized successfully
2025-08-15 13:27:03 | INFO | Analyzing certificates from: https://jinling.en.made-in-china.com
2025-08-15 13:27:03 | INFO | Extracting certificate PDFs from: https://jinling.en.made-in-china.com
2025-08-15 13:27:04 | INFO | Downloading and analyzing certificate: Supplier Audit Report
2025-08-15 13:27:05 | ERROR | Error downloading certificate Supplier Audit Report: 404 Client Error:  for url: https://www.made-in-china.com//www.made-in-china.com/audited-suppliers/for-buyers/
2025-08-15 13:27:05 | INFO | Downloading and analyzing certificate: lier Certificate
2025-08-15 13:27:06 | ERROR | Error downloading certificate lier Certificate: 404 Client Error:  for url: https://www.made-in-china.com//www.made-in-china.com/suppliers-discovery/
2025-08-15 13:28:08 | INFO | Database initialized successfully
2025-08-15 13:28:08 | INFO | Starting search for keyword: factory
2025-08-15 13:28:08 | INFO | Searching for keyword: factory
2025-08-15 13:28:12 | INFO | Found 30 products with selector: .products-item
2025-08-15 13:31:21 | INFO | Page 1: Found 30 listings
2025-08-15 13:31:23 | INFO | Found 30 listings for 'factory'
2025-08-15 13:31:23 | ERROR | Error saving product listing to database: 'ProductListing' object has no attribute 'units_available'
2025-08-15 13:31:23 | ERROR | Error saving product listing to database: 'ProductListing' object has no attribute 'units_available'
2025-08-15 13:31:23 | ERROR | Error saving product listing to database: 'ProductListing' object has no attribute 'units_available'
2025-08-15 13:31:23 | INFO | Saved JSON file: data\search_factory_20250815_133123.json
2025-08-15 13:31:23 | INFO | Saved CSV file: data\search_factory_20250815_133123.csv
2025-08-15 13:31:23 | INFO | Saved search results for keyword: factory
2025-08-15 15:44:33 | INFO | Database initialized successfully
2025-08-15 15:44:33 | INFO | Analyzing certificates from: https://shengerfu.en.made-in-china.com
2025-08-15 15:44:33 | INFO | Extracting certificate PDFs from: https://shengerfu.en.made-in-china.com
2025-08-15 15:44:35 | INFO | Downloading and analyzing certificate: Supplier Audit Report
2025-08-15 15:44:36 | ERROR | Error downloading certificate Supplier Audit Report: 404 Client Error:  for url: https://www.made-in-china.com//www.made-in-china.com/audited-suppliers/for-buyers/
2025-08-15 15:44:36 | INFO | Downloading and analyzing certificate: lier Certificate
2025-08-15 15:44:36 | ERROR | Error downloading certificate lier Certificate: 404 Client Error:  for url: https://www.made-in-china.com//www.made-in-china.com/suppliers-discovery/
2025-08-15 20:09:13 | INFO | Database initialized successfully
2025-08-15 20:09:13 | INFO | Analyzing certificates from: https://shengerfu.en.made-in-china.com
2025-08-15 20:09:13 | INFO | Extracting certificate PDFs from: https://shengerfu.en.made-in-china.com
2025-08-15 20:09:15 | INFO | Downloading and analyzing certificate: Supplier Audit Report
2025-08-15 20:09:17 | ERROR | Error downloading certificate Supplier Audit Report: 404 Client Error:  for url: https://www.made-in-china.com//www.made-in-china.com/audited-suppliers/for-buyers/
2025-08-15 20:09:17 | INFO | Downloading and analyzing certificate: lier Certificate
2025-08-15 20:09:17 | ERROR | Error downloading certificate lier Certificate: Invalid URL '//www.made-in-china.com/suppliers-discovery/': No scheme supplied. Perhaps you meant https:////www.made-in-china.com/suppliers-discovery/?
2025-08-15 20:10:04 | INFO | Database initialized successfully
2025-08-15 20:10:04 | INFO | Analyzing certificates from: https://shengerfu.en.made-in-china.com
2025-08-15 20:10:04 | INFO | Extracting certificate PDFs from: https://shengerfu.en.made-in-china.com
2025-08-15 20:10:05 | INFO | Downloading and analyzing certificate: Supplier Audit Report
2025-08-15 20:10:06 | ERROR | Error downloading certificate Supplier Audit Report: 404 Client Error:  for url: https://www.made-in-china.com//www.made-in-china.com/audited-suppliers/for-buyers/
2025-08-15 20:10:06 | INFO | Downloading and analyzing certificate: lier Certificate
2025-08-15 20:10:07 | ERROR | Error downloading certificate lier Certificate: 404 Client Error: Not Found for url: https://shengerfu.en.made-in-china.com/www.made-in-china.com/suppliers-discovery/
2025-08-15 20:18:41 | INFO | Database initialized successfully
2025-08-15 20:18:41 | INFO | Analyzing certificates from: https://shengerfu.en.made-in-china.com
2025-08-15 20:18:41 | INFO | Extracting certificate PDFs from: https://shengerfu.en.made-in-china.com
2025-08-15 20:18:42 | INFO | Downloading and analyzing certificate: Supplier Audit Report
2025-08-15 20:18:43 | ERROR | Error downloading certificate Supplier Audit Report: 404 Client Error:  for url: https://www.made-in-china.com//www.made-in-china.com/audited-suppliers/for-buyers/
2025-08-15 20:18:43 | INFO | Downloading and analyzing certificate: lier Certificate
2025-08-15 20:19:38 | INFO | Database initialized successfully
2025-08-15 20:19:38 | INFO | Starting search for keyword: manufacturer
2025-08-15 20:19:38 | INFO | Searching for keyword: manufacturer
2025-08-15 20:19:41 | INFO | Found 30 products with selector: .products-item
2025-08-15 20:24:59 | INFO | Database initialized successfully
2025-08-15 20:24:59 | INFO | Starting search for keyword: manufacturer
2025-08-15 20:24:59 | INFO | Searching for keyword: manufacturer
2025-08-15 20:25:02 | INFO | Found 30 products with selector: .products-item
2025-08-15 20:27:30 | INFO | Page 1: Found 30 listings
2025-08-15 20:27:32 | INFO | Found 30 listings for 'manufacturer'
2025-08-15 20:27:32 | ERROR | Error saving product listing to database: 'ProductListing' object has no attribute 'units_available'
2025-08-15 20:27:32 | INFO | Saved JSON file: data\search_manufacturer_20250815_202732.json
2025-08-15 20:27:32 | INFO | Saved CSV file: data\search_manufacturer_20250815_202732.csv
2025-08-15 20:27:32 | INFO | Saved search results for keyword: manufacturer
2025-08-15 20:29:35 | INFO | Database initialized successfully
2025-08-15 20:29:35 | INFO | Starting search for keyword: manufacturer
2025-08-15 20:29:35 | INFO | Searching for keyword: manufacturer
2025-08-15 20:29:38 | INFO | Found 30 products with selector: .products-item
