2025-08-11 12:08:50 | INFO | Database initialized successfully
2025-08-11 12:08:50 | INFO | Starting search for keyword: instyler
2025-08-11 12:08:50 | INFO | Searching for keyword: instyler
2025-08-11 12:08:50 | ERROR | Error during search: name 'SEARCH_URL' is not defined
2025-08-11 12:09:31 | INFO | Database initialized successfully
2025-08-11 12:09:31 | INFO | Starting search for keyword: instyler
2025-08-11 12:09:31 | INFO | Searching for keyword: instyler
2025-08-11 12:09:33 | INFO | Found 2 products with selector: .item
2025-08-11 12:09:33 | INFO | Page 1: Found 2 listings
2025-08-11 12:09:35 | INFO | Found 2 listings for 'instyler'
2025-08-11 12:09:35 | INFO | Saved JSON file: data\search_instyler_20250811_120935.json
2025-08-11 12:09:35 | INFO | Saved CSV file: data\search_instyler_20250811_120935.csv
2025-08-11 12:09:35 | INFO | Saved search results for keyword: instyler
2025-08-11 12:10:16 | INFO | Database initialized successfully
2025-08-11 12:10:16 | ERROR | Error exporting data: no such column: p.seller_id
2025-08-11 12:12:08 | INFO | Database initialized successfully
2025-08-11 12:12:08 | INFO | Starting search for keyword: instyler
2025-08-11 12:12:08 | INFO | Searching for keyword: instyler
2025-08-11 12:12:09 | INFO | Found 1 products with selector: .products-item
2025-08-11 12:12:09 | INFO | Page 1: Found 1 listings
2025-08-11 12:12:11 | INFO | Found 1 listings for 'instyler'
2025-08-11 12:12:11 | INFO | Saved JSON file: data\search_instyler_20250811_121211.json
2025-08-11 12:12:11 | INFO | Saved CSV file: data\search_instyler_20250811_121211.csv
2025-08-11 12:12:11 | INFO | Saved search results for keyword: instyler
2025-08-11 12:13:43 | INFO | Database initialized successfully
2025-08-11 12:13:43 | INFO | Starting search for keyword: instyler rotating iron
2025-08-11 12:13:43 | INFO | Searching for keyword: instyler rotating iron
2025-08-11 12:13:44 | INFO | Found 2 products with selector: .item
2025-08-11 12:13:44 | INFO | Page 1: Found 2 listings
2025-08-11 12:13:46 | INFO | Found 2 listings for 'instyler rotating iron'
2025-08-11 12:13:46 | INFO | Saved JSON file: data\search_instyler rotating iron_20250811_121346.json
2025-08-11 12:13:46 | INFO | Saved CSV file: data\search_instyler rotating iron_20250811_121346.csv
2025-08-11 12:13:46 | INFO | Saved search results for keyword: instyler rotating iron
2025-08-11 12:14:33 | INFO | Database initialized successfully
2025-08-11 12:14:33 | INFO | Starting search for keyword: hair dryer
2025-08-11 12:14:33 | INFO | Searching for keyword: hair dryer
2025-08-11 12:14:35 | INFO | Found 30 products with selector: .products-item
2025-08-11 12:14:35 | INFO | Page 1: Found 30 listings
2025-08-11 12:14:37 | INFO | Found 30 listings for 'hair dryer'
2025-08-11 12:14:37 | INFO | Saved JSON file: data\search_hair dryer_20250811_121437.json
2025-08-11 12:14:37 | INFO | Saved CSV file: data\search_hair dryer_20250811_121437.csv
2025-08-11 12:14:37 | INFO | Saved search results for keyword: hair dryer
2025-08-11 12:19:27 | INFO | Database initialized successfully
